version: (200506)

available memory: 64M bytes
used memory: 212992 bytes [need 208K bytes if disable swap]

used block: 5 [memory(5) file(0)]
                 [ 8K(2) 64K(3) { total 208K bytes } ]
overhead: (9538) bytes for (5) blocks [Average: (1907) bytes/block]

write  => 0(times) 0K(bytes) [0K bytes to file]
read   => 3(times) 5K(bytes) [1K bytes compressed data from file]
access => 99724(times) 782M(bytes)
          [hit ratio: 99.997%]

time: write(0) read(0)  unit: second

swap file directory: (/home/Admin/Documents/sadath/sim/verdiLog)
used swap file number: (4)



swap file manager:
arrSize: (256)
idxCnt: (5)
closeHead: (1)
closeTail: (4)
openCnt: (4)
fid(4): fd(1073741826) fileName(/home/Admin/Documents/sadath/sim/simv.daidir/kdb.elab++/work.lib++/fa.v.tdc)
	size(594) lastModTime(1768987517) curModTime(1768987517)
	mode(rb)	hot(0) cool(3) pos(0)
fid(3): fd(1073741825) fileName(/home/Admin/Documents/sadath/sim/simv.daidir/kdb.elab++/work.lib++/rca.v.tdc)
	size(877) lastModTime(1768987517) curModTime(1768987517)
	mode(rb)	hot(4) cool(2) pos(0)
fid(2): fd(35) fileName(/home/Admin/Documents/sadath/sim/verdiLog/_swap_0001#17487465#46225)
	size(0) lastModTime(0) curModTime(1768989280)
	mode(w+b)	hot(3) cool(1) pos(0)
fid(1): fd(1073741824) fileName(/home/Admin/Documents/sadath/sim/simv.daidir/kdb.elab++/work.lib++/rca_tb.v.tdc)
	size(1336) lastModTime(1768987517) curModTime(1768987517)
	mode(rb)	hot(2) cool(0) pos(0)
fid(0): fd(0) fileName(NULL)
	mode(NULL)	hot(0) cool(0) pos(0)
==================================================
mySelf(0x1a6c0c00) pre(0x1958ee00) next((nil))
version(200506)
date(Feb  1 2023 02:39:48)
